90514 : 2026-01-03 11:20:00,698 : INFO : telemetry.main : Attempt start. Configuration directory [./.azure]. Cache directory [./.azure/telemetry/20260103112000646].
90514 : 2026-01-03 11:20:00,698 : INFO : telemetry.records : 1 cache files to upload.
90514 : 2026-01-03 11:20:00,699 : INFO : telemetry.records : Processed file ./.azure/telemetry/20260103112000646/cache into 1 records.
90514 : 2026-01-03 11:20:00,699 : INFO : telemetry.records : Remove directory ./.azure/telemetry/20260103112000646
90514 : 2026-01-03 11:20:00,699 : INFO : telemetry.client : Accumulated 1 events. Flush the clients.
90514 : 2026-01-03 11:20:00,700 : INFO : telemetry.client : Flush client c4395b75-49cc-422c-bc95-c7d51aef5d46.
90514 : 2026-01-03 11:20:00,711 : ERROR : telemetry.sender : Upload failed. OSError: <urlopen error [Errno 8] nodename nor servname provided, or not known>
90514 : 2026-01-03 11:20:00,711 : INFO : telemetry.sender : Finish uploading in 0.011400 seconds.
90622 : 2026-01-03 11:23:25,624 : INFO : telemetry.main : Attempt start. Configuration directory [./.azure]. Cache directory [./.azure/telemetry/20260103112325571].
90622 : 2026-01-03 11:23:25,624 : INFO : telemetry.records : 1 cache files to upload.
90622 : 2026-01-03 11:23:25,624 : INFO : telemetry.records : Processed file ./.azure/telemetry/20260103112325571/cache into 1 records.
90622 : 2026-01-03 11:23:25,624 : INFO : telemetry.records : Remove directory ./.azure/telemetry/20260103112325571
90622 : 2026-01-03 11:23:25,625 : INFO : telemetry.client : Accumulated 1 events. Flush the clients.
90622 : 2026-01-03 11:23:25,625 : INFO : telemetry.client : Flush client c4395b75-49cc-422c-bc95-c7d51aef5d46.
90622 : 2026-01-03 11:23:26,254 : INFO : telemetry.sender : Sending 4129 bytes
90622 : 2026-01-03 11:23:26,255 : INFO : telemetry.sender : Finish uploading in 0.629868 seconds.
90657 : 2026-01-03 11:23:33,082 : INFO : telemetry.main : Attempt start. Configuration directory [./.azure]. Cache directory [./.azure/telemetry/20260103112333028].
90657 : 2026-01-03 11:23:33,082 : INFO : telemetry.records : 1 cache files to upload.
90657 : 2026-01-03 11:23:33,082 : INFO : telemetry.records : Processed file ./.azure/telemetry/20260103112333028/cache into 1 records.
90657 : 2026-01-03 11:23:33,083 : INFO : telemetry.records : Remove directory ./.azure/telemetry/20260103112333028
90657 : 2026-01-03 11:23:33,083 : INFO : telemetry.client : Accumulated 1 events. Flush the clients.
90657 : 2026-01-03 11:23:33,083 : INFO : telemetry.client : Flush client c4395b75-49cc-422c-bc95-c7d51aef5d46.
90657 : 2026-01-03 11:23:33,095 : ERROR : telemetry.sender : Upload failed. OSError: <urlopen error [Errno 8] nodename nor servname provided, or not known>
90657 : 2026-01-03 11:23:33,095 : INFO : telemetry.sender : Finish uploading in 0.011444 seconds.
90694 : 2026-01-03 11:23:38,652 : INFO : telemetry.main : Attempt start. Configuration directory [./.azure]. Cache directory [./.azure/telemetry/20260103112338602].
90694 : 2026-01-03 11:23:38,652 : INFO : telemetry.records : 1 cache files to upload.
90694 : 2026-01-03 11:23:38,653 : INFO : telemetry.records : Processed file ./.azure/telemetry/20260103112338602/cache into 1 records.
90694 : 2026-01-03 11:23:38,653 : INFO : telemetry.records : Remove directory ./.azure/telemetry/20260103112338602
90694 : 2026-01-03 11:23:38,654 : INFO : telemetry.client : Accumulated 1 events. Flush the clients.
90694 : 2026-01-03 11:23:38,654 : INFO : telemetry.client : Flush client c4395b75-49cc-422c-bc95-c7d51aef5d46.
90694 : 2026-01-03 11:23:38,665 : ERROR : telemetry.sender : Upload failed. OSError: <urlopen error [Errno 8] nodename nor servname provided, or not known>
90694 : 2026-01-03 11:23:38,665 : INFO : telemetry.sender : Finish uploading in 0.011104 seconds.
90733 : 2026-01-03 11:23:48,628 : INFO : telemetry.main : Attempt start. Configuration directory [./.azure]. Cache directory [./.azure/telemetry/20260103112348578].
90733 : 2026-01-03 11:23:48,628 : INFO : telemetry.records : 1 cache files to upload.
90733 : 2026-01-03 11:23:48,629 : INFO : telemetry.records : Processed file ./.azure/telemetry/20260103112348578/cache into 1 records.
90733 : 2026-01-03 11:23:48,629 : INFO : telemetry.records : Remove directory ./.azure/telemetry/20260103112348578
90733 : 2026-01-03 11:23:48,629 : INFO : telemetry.client : Accumulated 1 events. Flush the clients.
90733 : 2026-01-03 11:23:48,630 : INFO : telemetry.client : Flush client c4395b75-49cc-422c-bc95-c7d51aef5d46.
90733 : 2026-01-03 11:23:48,641 : ERROR : telemetry.sender : Upload failed. OSError: <urlopen error [Errno 8] nodename nor servname provided, or not known>
90733 : 2026-01-03 11:23:48,642 : INFO : telemetry.sender : Finish uploading in 0.011913 seconds.
91290 : 2026-01-03 11:26:36,976 : INFO : telemetry.main : Attempt start. Configuration directory [./.azure]. Cache directory [./.azure/telemetry/20260103112636928].
91290 : 2026-01-03 11:26:36,976 : INFO : telemetry.records : 1 cache files to upload.
91290 : 2026-01-03 11:26:36,976 : INFO : telemetry.records : Processed file ./.azure/telemetry/20260103112636928/cache into 1 records.
91290 : 2026-01-03 11:26:36,977 : INFO : telemetry.records : Remove directory ./.azure/telemetry/20260103112636928
91290 : 2026-01-03 11:26:36,977 : INFO : telemetry.client : Accumulated 1 events. Flush the clients.
91290 : 2026-01-03 11:26:36,977 : INFO : telemetry.client : Flush client c4395b75-49cc-422c-bc95-c7d51aef5d46.
91290 : 2026-01-03 11:26:36,988 : ERROR : telemetry.sender : Upload failed. OSError: <urlopen error [Errno 8] nodename nor servname provided, or not known>
91290 : 2026-01-03 11:26:36,989 : INFO : telemetry.sender : Finish uploading in 0.011097 seconds.
92958 : 2026-01-03 11:31:21,198 : INFO : telemetry.main : Attempt start. Configuration directory [./.azure]. Cache directory [./.azure/telemetry/20260103113121145].
92958 : 2026-01-03 11:31:21,198 : INFO : telemetry.records : 1 cache files to upload.
92958 : 2026-01-03 11:31:21,199 : INFO : telemetry.records : Processed file ./.azure/telemetry/20260103113121145/cache into 1 records.
92958 : 2026-01-03 11:31:21,199 : INFO : telemetry.records : Remove directory ./.azure/telemetry/20260103113121145
92958 : 2026-01-03 11:31:21,199 : INFO : telemetry.client : Accumulated 1 events. Flush the clients.
92958 : 2026-01-03 11:31:21,200 : INFO : telemetry.client : Flush client c4395b75-49cc-422c-bc95-c7d51aef5d46.
92958 : 2026-01-03 11:31:21,212 : ERROR : telemetry.sender : Upload failed. OSError: <urlopen error [Errno 8] nodename nor servname provided, or not known>
92958 : 2026-01-03 11:31:21,212 : INFO : telemetry.sender : Finish uploading in 0.012297 seconds.
93206 : 2026-01-03 11:32:00,747 : INFO : telemetry.main : Attempt start. Configuration directory [./.azure]. Cache directory [./.azure/telemetry/20260103113200696].
93206 : 2026-01-03 11:32:00,748 : INFO : telemetry.records : 1 cache files to upload.
93206 : 2026-01-03 11:32:00,748 : INFO : telemetry.records : Processed file ./.azure/telemetry/20260103113200696/cache into 1 records.
93206 : 2026-01-03 11:32:00,749 : INFO : telemetry.records : Remove directory ./.azure/telemetry/20260103113200696
93206 : 2026-01-03 11:32:00,749 : INFO : telemetry.client : Accumulated 1 events. Flush the clients.
93206 : 2026-01-03 11:32:00,749 : INFO : telemetry.client : Flush client c4395b75-49cc-422c-bc95-c7d51aef5d46.
93206 : 2026-01-03 11:32:00,761 : ERROR : telemetry.sender : Upload failed. OSError: <urlopen error [Errno 8] nodename nor servname provided, or not known>
93206 : 2026-01-03 11:32:00,762 : INFO : telemetry.sender : Finish uploading in 0.011972 seconds.
93340 : 2026-01-03 11:32:15,614 : INFO : telemetry.main : Attempt start. Configuration directory [./.azure]. Cache directory [./.azure/telemetry/20260103113215561].
93340 : 2026-01-03 11:32:15,614 : INFO : telemetry.records : 1 cache files to upload.
93340 : 2026-01-03 11:32:15,614 : INFO : telemetry.records : Processed file ./.azure/telemetry/20260103113215561/cache into 1 records.
93340 : 2026-01-03 11:32:15,615 : INFO : telemetry.records : Remove directory ./.azure/telemetry/20260103113215561
93340 : 2026-01-03 11:32:15,615 : INFO : telemetry.client : Accumulated 1 events. Flush the clients.
93340 : 2026-01-03 11:32:15,615 : INFO : telemetry.client : Flush client c4395b75-49cc-422c-bc95-c7d51aef5d46.
93340 : 2026-01-03 11:32:15,627 : ERROR : telemetry.sender : Upload failed. OSError: <urlopen error [Errno 8] nodename nor servname provided, or not known>
93340 : 2026-01-03 11:32:15,628 : INFO : telemetry.sender : Finish uploading in 0.012031 seconds.
